INFO: [HLS 200-10] Running '/home/nlbutts/xilinx/Vitis_HLS/2021.2/bin/unwrapped/lnx64.o/vitis_hls'
INFO: [HLS 200-10] For user 'nlbutts' on host 'ubuntu' (Linux_x86_64 version 5.11.0-44-generic) on Mon Jan 10 09:39:40 CST 2022
INFO: [HLS 200-10] On os Ubuntu 20.04.3 LTS
INFO: [HLS 200-10] In directory '/home/nlbutts/projects/vitis_isp/dct_example'
Sourcing Tcl script '/home/nlbutts/projects/vitis_isp/dct_example/hls_prj/solution1/csim.tcl'
INFO: [HLS 200-1510] Running: open_project hls_prj 
INFO: [HLS 200-10] Opening project '/home/nlbutts/projects/vitis_isp/dct_example/hls_prj'.
INFO: [HLS 200-1510] Running: set_top dct 
INFO: [HLS 200-1510] Running: add_files dct.h 
INFO: [HLS 200-10] Adding design file 'dct.h' to the project
INFO: [HLS 200-1510] Running: add_files dct.cpp 
INFO: [HLS 200-10] Adding design file 'dct.cpp' to the project
INFO: [HLS 200-1510] Running: add_files -tb out.golden.dat -cflags -Wno-unknown-pragmas -csimflags -Wno-unknown-pragmas 
INFO: [HLS 200-10] Adding test bench file 'out.golden.dat' to the project
INFO: [HLS 200-1510] Running: add_files -tb in.dat -cflags -Wno-unknown-pragmas -csimflags -Wno-unknown-pragmas 
INFO: [HLS 200-10] Adding test bench file 'in.dat' to the project
INFO: [HLS 200-1510] Running: add_files -tb dct_test.cpp -cflags -Wno-unknown-pragmas -csimflags -Wno-unknown-pragmas 
INFO: [HLS 200-10] Adding test bench file 'dct_test.cpp' to the project
INFO: [HLS 200-1510] Running: add_files -tb dct_coeff_table.txt -cflags -Wno-unknown-pragmas -csimflags -Wno-unknown-pragmas 
INFO: [HLS 200-10] Adding test bench file 'dct_coeff_table.txt' to the project
INFO: [HLS 200-1510] Running: add_files -tb dct-extern.h -cflags -Wno-unknown-pragmas -csimflags -Wno-unknown-pragmas 
INFO: [HLS 200-10] Adding test bench file 'dct-extern.h' to the project
INFO: [HLS 200-1510] Running: open_solution solution1 -flow_target vitis 
INFO: [HLS 200-10] Opening solution '/home/nlbutts/projects/vitis_isp/dct_example/hls_prj/solution1'.
INFO: [SYN 201-201] Setting up clock 'default' with a period of 5ns.
INFO: [HLS 200-1611] Setting target device to 'xcvc1802-viva1596-1LHP-i-L'
INFO: [HLS 200-1505] Using flow_target 'vitis'
Resolution: For help on HLS 200-1505 see www.xilinx.com/cgi-bin/docs/rdoc?v=2021.2;t=hls+guidance;d=200-1505.html
INFO: [HLS 200-1464] Running solution command: config_interface -m_axi_latency=64
INFO: [HLS 200-1464] Running solution command: config_interface -m_axi_alignment_byte_size=64
INFO: [HLS 200-1464] Running solution command: config_interface -m_axi_max_widen_bitwidth=512
INFO: [HLS 200-1464] Running solution command: config_interface -default_interface=kernel
INFO: [HLS 200-1464] Running solution command: config_rtl -register_reset_num=3
INFO: [HLS 200-1510] Running: set_part xcvc1802-viva1596-1LHP-i-L 
INFO: [HLS 200-1510] Running: create_clock -period 5 -name default 
INFO: [HLS 200-1510] Running: config_interface -m_axi_alignment_byte_size 64 -m_axi_latency 64 -m_axi_max_widen_bitwidth 512 
INFO: [HLS 200-1510] Running: config_rtl -register_reset_num 3 
INFO: [HLS 200-1510] Running: set_directive_top -name dct dct 
INFO: [HLS 200-1510] Running: csim_design -clean -quiet 
INFO: [SIM 211-2] *************** CSIM start ***************
INFO: [SIM 211-4] CSIM will launch GCC as the compiler.
   Compiling ../../../../dct_test.cpp in debug mode
   Compiling ../../../../dct.cpp in debug mode
   Generating csim.exe
Checkpoint: i = 0
Checkpoint: j = 0; Checkpoint: j = 1; Checkpoint: j = 2; Checkpoint: j = 3; Checkpoint: j = 4; Checkpoint: j = 5; Checkpoint: j = 6; Checkpoint: j = 7; Checkpoint: j = 8; Checkpoint: j = 9; Checkpoint: j = 10; Checkpoint: j = 11; Checkpoint: j = 12; Checkpoint: j = 13; Checkpoint: j = 14; Checkpoint: j = 15; Checkpoint: j = 16; Checkpoint: j = 17; Checkpoint: j = 18; Checkpoint: j = 19; Checkpoint: j = 20; Checkpoint: j = 21; Checkpoint: j = 22; Checkpoint: j = 23; Checkpoint: j = 24; Checkpoint: j = 25; Checkpoint: j = 26; Checkpoint: j = 27; Checkpoint: j = 28; Checkpoint: j = 29; Checkpoint: j = 30; Checkpoint: j = 31; Checkpoint: j = 32; Checkpoint: j = 33; Checkpoint: j = 34; Checkpoint: j = 35; Checkpoint: j = 36; Checkpoint: j = 37; Checkpoint: j = 38; Checkpoint: j = 39; Checkpoint: j = 40; Checkpoint: j = 41; Checkpoint: j = 42; Checkpoint: j = 43; Checkpoint: j = 44; Checkpoint: j = 45; Checkpoint: j = 46; Checkpoint: j = 47; Checkpoint: j = 48; Checkpoint: j = 49; Checkpoint: j = 50; Checkpoint: j = 51; Checkpoint: j = 52; Checkpoint: j = 53; Checkpoint: j = 54; Checkpoint: j = 55; Checkpoint: j = 56; Checkpoint: j = 57; Checkpoint: j = 58; Checkpoint: j = 59; Checkpoint: j = 60; Checkpoint: j = 61; Checkpoint: j = 62; Checkpoint: j = 63; 
Copying array b to b_prime
Checkpoint: i = 1
Checkpoint: j = 0; Checkpoint: j = 1; Checkpoint: j = 2; Checkpoint: j = 3; Checkpoint: j = 4; Checkpoint: j = 5; Checkpoint: j = 6; Checkpoint: j = 7; Checkpoint: j = 8; Checkpoint: j = 9; Checkpoint: j = 10; Checkpoint: j = 11; Checkpoint: j = 12; Checkpoint: j = 13; Checkpoint: j = 14; Checkpoint: j = 15; Checkpoint: j = 16; Checkpoint: j = 17; Checkpoint: j = 18; Checkpoint: j = 19; Checkpoint: j = 20; Checkpoint: j = 21; Checkpoint: j = 22; Checkpoint: j = 23; Checkpoint: j = 24; Checkpoint: j = 25; Checkpoint: j = 26; Checkpoint: j = 27; Checkpoint: j = 28; Checkpoint: j = 29; Checkpoint: j = 30; Checkpoint: j = 31; Checkpoint: j = 32; Checkpoint: j = 33; Checkpoint: j = 34; Checkpoint: j = 35; Checkpoint: j = 36; Checkpoint: j = 37; Checkpoint: j = 38; Checkpoint: j = 39; Checkpoint: j = 40; Checkpoint: j = 41; Checkpoint: j = 42; Checkpoint: j = 43; Checkpoint: j = 44; Checkpoint: j = 45; Checkpoint: j = 46; Checkpoint: j = 47; Checkpoint: j = 48; Checkpoint: j = 49; Checkpoint: j = 50; Checkpoint: j = 51; Checkpoint: j = 52; Checkpoint: j = 53; Checkpoint: j = 54; Checkpoint: j = 55; Checkpoint: j = 56; Checkpoint: j = 57; Checkpoint: j = 58; Checkpoint: j = 59; Checkpoint: j = 60; Checkpoint: j = 61; Checkpoint: j = 62; Checkpoint: j = 63; 
Checkpoint: i = 2
Checkpoint: j = 0; Checkpoint: j = 1; Checkpoint: j = 2; Checkpoint: j = 3; Checkpoint: j = 4; Checkpoint: j = 5; Checkpoint: j = 6; Checkpoint: j = 7; Checkpoint: j = 8; Checkpoint: j = 9; Checkpoint: j = 10; Checkpoint: j = 11; Checkpoint: j = 12; Checkpoint: j = 13; Checkpoint: j = 14; Checkpoint: j = 15; Checkpoint: j = 16; Checkpoint: j = 17; Checkpoint: j = 18; Checkpoint: j = 19; Checkpoint: j = 20; Checkpoint: j = 21; Checkpoint: j = 22; Checkpoint: j = 23; Checkpoint: j = 24; Checkpoint: j = 25; Checkpoint: j = 26; Checkpoint: j = 27; Checkpoint: j = 28; Checkpoint: j = 29; Checkpoint: j = 30; Checkpoint: j = 31; Checkpoint: j = 32; Checkpoint: j = 33; Checkpoint: j = 34; Checkpoint: j = 35; Checkpoint: j = 36; Checkpoint: j = 37; Checkpoint: j = 38; Checkpoint: j = 39; Checkpoint: j = 40; Checkpoint: j = 41; Checkpoint: j = 42; Checkpoint: j = 43; Checkpoint: j = 44; Checkpoint: j = 45; Checkpoint: j = 46; Checkpoint: j = 47; Checkpoint: j = 48; Checkpoint: j = 49; Checkpoint: j = 50; Checkpoint: j = 51; Checkpoint: j = 52; Checkpoint: j = 53; Checkpoint: j = 54; Checkpoint: j = 55; Checkpoint: j = 56; Checkpoint: j = 57; Checkpoint: j = 58; Checkpoint: j = 59; Checkpoint: j = 60; Checkpoint: j = 61; Checkpoint: j = 62; Checkpoint: j = 63; 
Checkpoint: i = 3
Checkpoint: j = 0; Checkpoint: j = 1; Checkpoint: j = 2; Checkpoint: j = 3; Checkpoint: j = 4; Checkpoint: j = 5; Checkpoint: j = 6; Checkpoint: j = 7; Checkpoint: j = 8; Checkpoint: j = 9; Checkpoint: j = 10; Checkpoint: j = 11; Checkpoint: j = 12; Checkpoint: j = 13; Checkpoint: j = 14; Checkpoint: j = 15; Checkpoint: j = 16; Checkpoint: j = 17; Checkpoint: j = 18; Checkpoint: j = 19; Checkpoint: j = 20; Checkpoint: j = 21; Checkpoint: j = 22; Checkpoint: j = 23; Checkpoint: j = 24; Checkpoint: j = 25; Checkpoint: j = 26; Checkpoint: j = 27; Checkpoint: j = 28; Checkpoint: j = 29; Checkpoint: j = 30; Checkpoint: j = 31; Checkpoint: j = 32; Checkpoint: j = 33; Checkpoint: j = 34; Checkpoint: j = 35; Checkpoint: j = 36; Checkpoint: j = 37; Checkpoint: j = 38; Checkpoint: j = 39; Checkpoint: j = 40; Checkpoint: j = 41; Checkpoint: j = 42; Checkpoint: j = 43; Checkpoint: j = 44; Checkpoint: j = 45; Checkpoint: j = 46; Checkpoint: j = 47; Checkpoint: j = 48; Checkpoint: j = 49; Checkpoint: j = 50; Checkpoint: j = 51; Checkpoint: j = 52; Checkpoint: j = 53; Checkpoint: j = 54; Checkpoint: j = 55; Checkpoint: j = 56; Checkpoint: j = 57; Checkpoint: j = 58; Checkpoint: j = 59; Checkpoint: j = 60; Checkpoint: j = 61; Checkpoint: j = 62; Checkpoint: j = 63; 
Checkpoint: i = 4
Checkpoint: j = 0; Checkpoint: j = 1; Checkpoint: j = 2; Checkpoint: j = 3; Checkpoint: j = 4; Checkpoint: j = 5; Checkpoint: j = 6; Checkpoint: j = 7; Checkpoint: j = 8; Checkpoint: j = 9; Checkpoint: j = 10; Checkpoint: j = 11; Checkpoint: j = 12; Checkpoint: j = 13; Checkpoint: j = 14; Checkpoint: j = 15; Checkpoint: j = 16; Checkpoint: j = 17; Checkpoint: j = 18; Checkpoint: j = 19; Checkpoint: j = 20; Checkpoint: j = 21; Checkpoint: j = 22; Checkpoint: j = 23; Checkpoint: j = 24; Checkpoint: j = 25; Checkpoint: j = 26; Checkpoint: j = 27; Checkpoint: j = 28; Checkpoint: j = 29; Checkpoint: j = 30; Checkpoint: j = 31; Checkpoint: j = 32; Checkpoint: j = 33; Checkpoint: j = 34; Checkpoint: j = 35; Checkpoint: j = 36; Checkpoint: j = 37; Checkpoint: j = 38; Checkpoint: j = 39; Checkpoint: j = 40; Checkpoint: j = 41; Checkpoint: j = 42; Checkpoint: j = 43; Checkpoint: j = 44; Checkpoint: j = 45; Checkpoint: j = 46; Checkpoint: j = 47; Checkpoint: j = 48; Checkpoint: j = 49; Checkpoint: j = 50; Checkpoint: j = 51; Checkpoint: j = 52; Checkpoint: j = 53; Checkpoint: j = 54; Checkpoint: j = 55; Checkpoint: j = 56; Checkpoint: j = 57; Checkpoint: j = 58; Checkpoint: j = 59; Checkpoint: j = 60; Checkpoint: j = 61; Checkpoint: j = 62; Checkpoint: j = 63; 
Checkpoint: i = 5
Checkpoint: j = 0; Checkpoint: j = 1; Checkpoint: j = 2; Checkpoint: j = 3; Checkpoint: j = 4; Checkpoint: j = 5; Checkpoint: j = 6; Checkpoint: j = 7; Checkpoint: j = 8; Checkpoint: j = 9; Checkpoint: j = 10; Checkpoint: j = 11; Checkpoint: j = 12; Checkpoint: j = 13; Checkpoint: j = 14; Checkpoint: j = 15; Checkpoint: j = 16; Checkpoint: j = 17; Checkpoint: j = 18; Checkpoint: j = 19; Checkpoint: j = 20; Checkpoint: j = 21; Checkpoint: j = 22; Checkpoint: j = 23; Checkpoint: j = 24; Checkpoint: j = 25; Checkpoint: j = 26; Checkpoint: j = 27; Checkpoint: j = 28; Checkpoint: j = 29; Checkpoint: j = 30; Checkpoint: j = 31; Checkpoint: j = 32; Checkpoint: j = 33; Checkpoint: j = 34; Checkpoint: j = 35; Checkpoint: j = 36; Checkpoint: j = 37; Checkpoint: j = 38; Checkpoint: j = 39; Checkpoint: j = 40; Checkpoint: j = 41; Checkpoint: j = 42; Checkpoint: j = 43; Checkpoint: j = 44; Checkpoint: j = 45; Checkpoint: j = 46; Checkpoint: j = 47; Checkpoint: j = 48; Checkpoint: j = 49; Checkpoint: j = 50; Checkpoint: j = 51; Checkpoint: j = 52; Checkpoint: j = 53; Checkpoint: j = 54; Checkpoint: j = 55; Checkpoint: j = 56; Checkpoint: j = 57; Checkpoint: j = 58; Checkpoint: j = 59; Checkpoint: j = 60; Checkpoint: j = 61; Checkpoint: j = 62; Checkpoint: j = 63; 
Checkpoint: i = 6
Checkpoint: j = 0; Checkpoint: j = 1; Checkpoint: j = 2; Checkpoint: j = 3; Checkpoint: j = 4; Checkpoint: j = 5; Checkpoint: j = 6; Checkpoint: j = 7; Checkpoint: j = 8; Checkpoint: j = 9; Checkpoint: j = 10; Checkpoint: j = 11; Checkpoint: j = 12; Checkpoint: j = 13; Checkpoint: j = 14; Checkpoint: j = 15; Checkpoint: j = 16; Checkpoint: j = 17; Checkpoint: j = 18; Checkpoint: j = 19; Checkpoint: j = 20; Checkpoint: j = 21; Checkpoint: j = 22; Checkpoint: j = 23; Checkpoint: j = 24; Checkpoint: j = 25; Checkpoint: j = 26; Checkpoint: j = 27; Checkpoint: j = 28; Checkpoint: j = 29; Checkpoint: j = 30; Checkpoint: j = 31; Checkpoint: j = 32; Checkpoint: j = 33; Checkpoint: j = 34; Checkpoint: j = 35; Checkpoint: j = 36; Checkpoint: j = 37; Checkpoint: j = 38; Checkpoint: j = 39; Checkpoint: j = 40; Checkpoint: j = 41; Checkpoint: j = 42; Checkpoint: j = 43; Checkpoint: j = 44; Checkpoint: j = 45; Checkpoint: j = 46; Checkpoint: j = 47; Checkpoint: j = 48; Checkpoint: j = 49; Checkpoint: j = 50; Checkpoint: j = 51; Checkpoint: j = 52; Checkpoint: j = 53; Checkpoint: j = 54; Checkpoint: j = 55; Checkpoint: j = 56; Checkpoint: j = 57; Checkpoint: j = 58; Checkpoint: j = 59; Checkpoint: j = 60; Checkpoint: j = 61; Checkpoint: j = 62; Checkpoint: j = 63; 
Checkpoint: i = 7
Checkpoint: j = 0; Checkpoint: j = 1; Checkpoint: j = 2; Checkpoint: j = 3; Checkpoint: j = 4; Checkpoint: j = 5; Checkpoint: j = 6; Checkpoint: j = 7; Checkpoint: j = 8; Checkpoint: j = 9; Checkpoint: j = 10; Checkpoint: j = 11; Checkpoint: j = 12; Checkpoint: j = 13; Checkpoint: j = 14; Checkpoint: j = 15; Checkpoint: j = 16; Checkpoint: j = 17; Checkpoint: j = 18; Checkpoint: j = 19; Checkpoint: j = 20; Checkpoint: j = 21; Checkpoint: j = 22; Checkpoint: j = 23; Checkpoint: j = 24; Checkpoint: j = 25; Checkpoint: j = 26; Checkpoint: j = 27; Checkpoint: j = 28; Checkpoint: j = 29; Checkpoint: j = 30; Checkpoint: j = 31; Checkpoint: j = 32; Checkpoint: j = 33; Checkpoint: j = 34; Checkpoint: j = 35; Checkpoint: j = 36; Checkpoint: j = 37; Checkpoint: j = 38; Checkpoint: j = 39; Checkpoint: j = 40; Checkpoint: j = 41; Checkpoint: j = 42; Checkpoint: j = 43; Checkpoint: j = 44; Checkpoint: j = 45; Checkpoint: j = 46; Checkpoint: j = 47; Checkpoint: j = 48; Checkpoint: j = 49; Checkpoint: j = 50; Checkpoint: j = 51; Checkpoint: j = 52; Checkpoint: j = 53; Checkpoint: j = 54; Checkpoint: j = 55; Checkpoint: j = 56; Checkpoint: j = 57; Checkpoint: j = 58; Checkpoint: j = 59; Checkpoint: j = 60; Checkpoint: j = 61; Checkpoint: j = 62; Checkpoint: j = 63; 
Checkpoint: i = 8
Checkpoint: j = 0; Checkpoint: j = 1; Checkpoint: j = 2; Checkpoint: j = 3; Checkpoint: j = 4; Checkpoint: j = 5; Checkpoint: j = 6; Checkpoint: j = 7; Checkpoint: j = 8; Checkpoint: j = 9; Checkpoint: j = 10; Checkpoint: j = 11; Checkpoint: j = 12; Checkpoint: j = 13; Checkpoint: j = 14; Checkpoint: j = 15; Checkpoint: j = 16; Checkpoint: j = 17; Checkpoint: j = 18; Checkpoint: j = 19; Checkpoint: j = 20; Checkpoint: j = 21; Checkpoint: j = 22; Checkpoint: j = 23; Checkpoint: j = 24; Checkpoint: j = 25; Checkpoint: j = 26; Checkpoint: j = 27; Checkpoint: j = 28; Checkpoint: j = 29; Checkpoint: j = 30; Checkpoint: j = 31; Checkpoint: j = 32; Checkpoint: j = 33; Checkpoint: j = 34; Checkpoint: j = 35; Checkpoint: j = 36; Checkpoint: j = 37; Checkpoint: j = 38; Checkpoint: j = 39; Checkpoint: j = 40; Checkpoint: j = 41; Checkpoint: j = 42; Checkpoint: j = 43; Checkpoint: j = 44; Checkpoint: j = 45; Checkpoint: j = 46; Checkpoint: j = 47; Checkpoint: j = 48; Checkpoint: j = 49; Checkpoint: j = 50; Checkpoint: j = 51; Checkpoint: j = 52; Checkpoint: j = 53; Checkpoint: j = 54; Checkpoint: j = 55; Checkpoint: j = 56; Checkpoint: j = 57; Checkpoint: j = 58; Checkpoint: j = 59; Checkpoint: j = 60; Checkpoint: j = 61; Checkpoint: j = 62; Checkpoint: j = 63; 
Checkpoint: i = 9
Checkpoint: j = 0; Checkpoint: j = 1; Checkpoint: j = 2; Checkpoint: j = 3; Checkpoint: j = 4; Checkpoint: j = 5; Checkpoint: j = 6; Checkpoint: j = 7; Checkpoint: j = 8; Checkpoint: j = 9; Checkpoint: j = 10; Checkpoint: j = 11; Checkpoint: j = 12; Checkpoint: j = 13; Checkpoint: j = 14; Checkpoint: j = 15; Checkpoint: j = 16; Checkpoint: j = 17; Checkpoint: j = 18; Checkpoint: j = 19; Checkpoint: j = 20; Checkpoint: j = 21; Checkpoint: j = 22; Checkpoint: j = 23; Checkpoint: j = 24; Checkpoint: j = 25; Checkpoint: j = 26; Checkpoint: j = 27; Checkpoint: j = 28; Checkpoint: j = 29; Checkpoint: j = 30; Checkpoint: j = 31; Checkpoint: j = 32; Checkpoint: j = 33; Checkpoint: j = 34; Checkpoint: j = 35; Checkpoint: j = 36; Checkpoint: j = 37; Checkpoint: j = 38; Checkpoint: j = 39; Checkpoint: j = 40; Checkpoint: j = 41; Checkpoint: j = 42; Checkpoint: j = 43; Checkpoint: j = 44; Checkpoint: j = 45; Checkpoint: j = 46; Checkpoint: j = 47; Checkpoint: j = 48; Checkpoint: j = 49; Checkpoint: j = 50; Checkpoint: j = 51; Checkpoint: j = 52; Checkpoint: j = 53; Checkpoint: j = 54; Checkpoint: j = 55; Checkpoint: j = 56; Checkpoint: j = 57; Checkpoint: j = 58; Checkpoint: j = 59; Checkpoint: j = 60; Checkpoint: j = 61; Checkpoint: j = 62; Checkpoint: j = 63; 
Test passed !
INFO: [SIM 211-1] CSim done with 0 errors.
INFO: [SIM 211-3] *************** CSIM finish ***************
INFO: [HLS 200-111] Finished Command csim_design CPU user time: 1.27 seconds. CPU system time: 0.31 seconds. Elapsed time: 0.99 seconds; current allocated memory: -937.109 MB.
INFO: [HLS 200-112] Total CPU user time: 3.4 seconds. Total CPU system time: 1.54 seconds. Total elapsed time: 8.28 seconds; peak allocated memory: 280.031 MB.
